app/build/outputs/logs/manifest-merger-debug-report.txt
-- Merging decision tree log ---
manifest
ADDED from src\main\AndroidManifest.xml:2:1-95:12
	package
		ADDED from src\main\AndroidManifest.xml:3:5-52
		INJECTED from src\main\AndroidManifest.xml
		INJECTED from src\main\AndroidManifest.xml
	android:versionName
		ADDED from src\main\AndroidManifest.xml:5:5-32
		INJECTED from src\main\AndroidManifest.xml
		INJECTED from src\main\AndroidManifest.xml
	android:versionCode
		ADDED from src\main\AndroidManifest.xml:4:5-31
		INJECTED from src\main\AndroidManifest.xml
		INJECTED from src\main\AndroidManifest.xml
	xmlns:android
		ADDED from src\main\AndroidManifest.xml:2:11-69
uses-sdk
ADDED from src\main\AndroidManifest.xml:7:5-9:41
	android:targetSdkVersion
		ADDED from src\main\AndroidManifest.xml:9:9-38
		INJECTED from src\main\AndroidManifest.xml
		INJECTED from src\main\AndroidManifest.xml
	android:minSdkVersion
		ADDED from src\main\AndroidManifest.xml:8:9-35
		INJECTED from src\main\AndroidManifest.xml
		INJECTED from src\main\AndroidManifest.xml
uses-permission#android.permission.RECORD_AUDIO
ADDED from src\main\AndroidManifest.xml:11:2-68
	android:name
		ADDED from src\main\AndroidManifest.xml:11:19-65
uses-permission#android.permission.READ_PHONE_STATE
ADDED from src\main\AndroidManifest.xml:12:2-72
	android:name
		ADDED from src\main\AndroidManifest.xml:12:19-69
uses-permission#android.permission.BLUETOOTH
ADDED from src\main\AndroidManifest.xml:13:2-65
	android:name
		ADDED from src\main\AndroidManifest.xml:13:19-62
uses-permission#android.permission.WRITE_EXTERNAL_STORAGE
ADDED from src\main\AndroidManifest.xml:14:2-78
	android:name
		ADDED from src\main\AndroidManifest.xml:14:19-75
uses-permission#android.permission.INTERNET
ADDED from src\main\AndroidManifest.xml:15:2-64
	android:name
		ADDED from src\main\AndroidManifest.xml:15:19-61
application
ADDED from src\main\AndroidManifest.xml:16:5-93:19
	android:label
		ADDED from src\main\AndroidManifest.xml:21:9-41
	android:allowBackup
		ADDED from src\main\AndroidManifest.xml:17:9-35
	android:icon
		ADDED from src\main\AndroidManifest.xml:19:9-45
	android:largeHeap
		ADDED from src\main\AndroidManifest.xml:18:9-33
	android:theme
		ADDED from src\main\AndroidManifest.xml:22:9-40
	android:name
		ADDED from src\main\AndroidManifest.xml:20:9-54
receiver#fr.julien_dumortier.simplemusicplayer.service.bluetoohactionmanager.BluetoothReceiver
ADDED from src\main\AndroidManifest.xml:24:3-28:20
	android:name
		ADDED from src\main\AndroidManifest.xml:24:13-113
intent-filter#android.intent.action.MEDIA_BUTTON
ADDED from src\main\AndroidManifest.xml:25:13-27:29
action#android.intent.action.MEDIA_BUTTON
ADDED from src\main\AndroidManifest.xml:26:17-77
	android:name
		ADDED from src\main\AndroidManifest.xml:26:25-74
receiver#fr.julien_dumortier.simplemusicplayer.widget.AudioPlayerWidgetProvider
ADDED from src\main\AndroidManifest.xml:29:9-36:14
	android:label
		ADDED from src\main\AndroidManifest.xml:29:68-102
	android:name
		ADDED from src\main\AndroidManifest.xml:29:19-67
intent-filter#android.appwidget.action.APPWIDGET_ENABLE+android.appwidget.action.APPWIDGET_UPDATE
ADDED from src\main\AndroidManifest.xml:30:4-33:20
action#android.appwidget.action.APPWIDGET_UPDATE
ADDED from src\main\AndroidManifest.xml:31:5-72
	android:name
		ADDED from src\main\AndroidManifest.xml:31:13-69
action#android.appwidget.action.APPWIDGET_ENABLE
ADDED from src\main\AndroidManifest.xml:32:5-72
	android:name
		ADDED from src\main\AndroidManifest.xml:32:13-69
meta-data#android.appwidget.provider
ADDED from src\main\AndroidManifest.xml:34:4-35:63
	android:resource
		ADDED from src\main\AndroidManifest.xml:35:5-60
	android:name
		ADDED from src\main\AndroidManifest.xml:34:15-56
service#fr.julien_dumortier.simplemusicplayer.service.MusicPlayerService
ADDED from src\main\AndroidManifest.xml:37:9-38:37
	android:enabled
		ADDED from src\main\AndroidManifest.xml:38:13-35
	android:name
		ADDED from src\main\AndroidManifest.xml:37:18-97
service#fr.julien_dumortier.simplemusicplayer.service.notificationplayer.NotificationManagerService
ADDED from src\main\AndroidManifest.xml:39:9-135
	android:name
		ADDED from src\main\AndroidManifest.xml:39:18-124
activity#fr.julien_dumortier.simplemusicplayer.MainActivity
ADDED from src\main\AndroidManifest.xml:40:9-60:20
	android:clearTaskOnLaunch
		ADDED from src\main\AndroidManifest.xml:44:17-49
	android:label
		ADDED from src\main\AndroidManifest.xml:42:13-45
	android:launchMode
		ADDED from src\main\AndroidManifest.xml:43:17-48
	android:configChanges
		ADDED from src\main\AndroidManifest.xml:46:17-63
	android:theme
		ADDED from src\main\AndroidManifest.xml:45:11-43
	android:taskAffinity
		ADDED from src\main\AndroidManifest.xml:42:46-69
	android:name
		ADDED from src\main\AndroidManifest.xml:41:13-78
intent-filter#android.intent.action.MAIN+android.intent.category.LAUNCHER
ADDED from src\main\AndroidManifest.xml:47:13-51:29
action#android.intent.action.MAIN
ADDED from src\main\AndroidManifest.xml:48:17-69
	android:name
		ADDED from src\main\AndroidManifest.xml:48:25-66
category#android.intent.category.LAUNCHER
ADDED from src\main\AndroidManifest.xml:49:17-77
	android:name
		ADDED from src\main\AndroidManifest.xml:49:27-74
intent-filter#android.intent.category.DEFAULT+com.example.simplemusicplayer.PLAY_VIEWER
ADDED from src\main\AndroidManifest.xml:52:13-55:29
action#com.example.simplemusicplayer.PLAY_VIEWER
ADDED from src\main\AndroidManifest.xml:53:17-84
	android:name
		ADDED from src\main\AndroidManifest.xml:53:25-81
category#android.intent.category.DEFAULT
ADDED from src\main\AndroidManifest.xml:54:17-76
	android:name
		ADDED from src\main\AndroidManifest.xml:54:27-73
intent-filter#android.intent.action.MEDIA_MOUNTED
ADDED from src\main\AndroidManifest.xml:56:13-59:20
action#android.intent.action.MEDIA_MOUNTED
ADDED from src\main\AndroidManifest.xml:57:6-67
	android:name
		ADDED from src\main\AndroidManifest.xml:57:14-64
data
ADDED from src\main\AndroidManifest.xml:58:6-36
	android:scheme
		ADDED from src\main\AndroidManifest.xml:58:12-33
activity#fr.julien_dumortier.simplemusicplayer.equalizer.EqualizerActivity
ADDED from src\main\AndroidManifest.xml:62:9-69:20
	android:label
		ADDED from src\main\AndroidManifest.xml:64:13-45
	android:configChanges
		ADDED from src\main\AndroidManifest.xml:65:17-63
	android:name
		ADDED from src\main\AndroidManifest.xml:63:6-86
intent-filter#android.intent.action.MAIN
ADDED from src\main\AndroidManifest.xml:66:13-68:29
activity#fr.julien_dumortier.simplemusicplayer.thememanager.ManageDisplayView
ADDED from src\main\AndroidManifest.xml:70:9-77:20
	android:label
		ADDED from src\main\AndroidManifest.xml:72:13-45
	android:configChanges
		ADDED from src\main\AndroidManifest.xml:73:17-63
	android:name
		ADDED from src\main\AndroidManifest.xml:71:6-89
activity#fr.julien_dumortier.simplemusicplayer.playlistview.PlayListManagerActivity
ADDED from src\main\AndroidManifest.xml:78:9-84:20
	android:label
		ADDED from src\main\AndroidManifest.xml:79:13-45
	android:configChanges
		ADDED from src\main\AndroidManifest.xml:80:17-63
	android:name
		ADDED from src\main\AndroidManifest.xml:78:19-108
activity#fr.julien_dumortier.simplemusicplayer.playerview.FullScreenPlayerViewController
ADDED from src\main\AndroidManifest.xml:85:10-92:20
	android:label
		ADDED from src\main\AndroidManifest.xml:87:13-45
	android:configChanges
		ADDED from src\main\AndroidManifest.xml:88:17-63
	android:name
		ADDED from src\main\AndroidManifest.xml:86:13-107